2026-07-24 12:40:28,984 | BASE_ELEMENT | INFO | Element Status Label Red is visible (nth: 0)
2026-07-24 12:40:28,999 | BASE_ELEMENT | INFO | Element Status Label Yellow is visible (nth: 0)
2026-07-24 12:40:29,012 | BASE_ELEMENT | INFO | Element Status Label Green is visible (nth: 0)
2026-07-24 12:40:32,640 | INPUT | INFO | Sent keys 'help' to Console Input (nth: 0)
2026-07-24 12:40:32,652 | INPUT | INFO | Verified Console Input has value: 'help' (nth: 0)
2026-07-24 12:40:32,787 | Space Page | INFO | Команда 'help' отправлена
2026-07-24 12:40:32,884 | Space Page | INFO | Получен ответ от консоли: Welcome to the system console!
Type "help" to explore all available commands.
> help
BEHOLD! The sac...
2026-07-24 12:40:33,388 | INPUT | INFO | Sent keys 'help' to Console Input (nth: 0)
2026-07-24 12:40:33,400 | INPUT | INFO | Verified Console Input has value: 'help' (nth: 0)
2026-07-24 12:40:33,518 | Space Page | INFO | Команда 'help' отправлена
2026-07-24 12:40:33,756 | Space Page | INFO | Получен ответ от консоли: Welcome to the system console!
Type "help" to explore all available commands.
> help
BEHOLD! The sac...
2026-07-24 12:40:33,759 | Space Page | INFO | Ответ успешно получен
2026-07-24 12:40:33,759 | Space Page | INFO | Найдены ключевые слова: ['help', 'clear', 'date']
2026-07-24 12:40:33,759 | Space Page | INFO | Вывод команды help проверен успешно
2026-07-24 12:40:37,623 | INPUT | INFO | Sent keys 'test_unknown_command_123' to Console Input (nth: 0)
2026-07-24 12:40:37,631 | INPUT | INFO | Verified Console Input has value: 'test_unknown_command_123' (nth: 0)
2026-07-24 12:40:37,752 | Space Page | INFO | Команда 'test_unknown_command_123' отправлена
2026-07-24 12:40:37,815 | Space Page | INFO | Получен ответ от консоли: Welcome to the system console!
Type "help" to explore all available commands.
> test_unknown_command...
2026-07-24 12:40:41,437 | INPUT | INFO | Sent keys 'whoami' to Console Input (nth: 0)
2026-07-24 12:40:41,446 | INPUT | INFO | Verified Console Input has value: 'whoami' (nth: 0)
2026-07-24 12:40:41,570 | Space Page | INFO | Команда 'whoami' отправлена
2026-07-24 12:40:41,625 | Space Page | INFO | Получен ответ от консоли: Welcome to the system console!
Type "help" to explore all available commands.
> whoami
Greetings, Na...
2026-07-24 12:40:45,254 | INPUT | INFO | Sent keys 'help' to Console Input (nth: 0)
2026-07-24 12:40:45,265 | INPUT | INFO | Verified Console Input has value: 'help' (nth: 0)
2026-07-24 12:40:45,387 | Space Page | INFO | Команда 'help' отправлена
2026-07-24 12:40:45,516 | Space Page | INFO | Получен ответ от консоли: Welcome to the system console!
Type "help" to explore all available commands.
> help
BEHOLD! The sac...
2026-07-24 12:40:46,003 | INPUT | INFO | Sent keys 'help' to Console Input (nth: 0)
2026-07-24 12:40:46,015 | INPUT | INFO | Verified Console Input has value: 'help' (nth: 0)
2026-07-24 12:40:46,131 | Space Page | INFO | Команда 'help' отправлена
2026-07-24 12:40:46,343 | Space Page | INFO | Получен ответ от консоли: Welcome to the system console!
Type "help" to explore all available commands.
> help
BEHOLD! The sac...
2026-07-24 12:40:46,786 | INPUT | INFO | Sent keys 'help' to Console Input (nth: 0)
2026-07-24 12:40:46,797 | INPUT | INFO | Verified Console Input has value: 'help' (nth: 0)
2026-07-24 12:40:46,917 | Space Page | INFO | Команда 'help' отправлена
2026-07-24 12:40:47,120 | Space Page | INFO | Получен ответ от консоли: Welcome to the system console!
Type "help" to explore all available commands.
> help
BEHOLD! The sac...
2026-07-24 12:40:47,510 | INPUT | INFO | Sent keys 'help' to Console Input (nth: 0)
2026-07-24 12:40:47,518 | INPUT | INFO | Verified Console Input has value: 'help' (nth: 0)
2026-07-24 12:40:47,645 | Space Page | INFO | Команда 'help' отправлена
2026-07-24 12:40:47,891 | Space Page | INFO | Получен ответ от консоли: Welcome to the system console!
Type "help" to explore all available commands.
> help
BEHOLD! The sac...
2026-07-24 12:40:48,299 | INPUT | INFO | Sent keys 'help' to Console Input (nth: 0)
2026-07-24 12:40:48,305 | INPUT | INFO | Verified Console Input has value: 'help' (nth: 0)
2026-07-24 12:40:48,419 | Space Page | INFO | Команда 'help' отправлена
2026-07-24 12:40:48,717 | Space Page | INFO | Получен ответ от консоли: Welcome to the system console!
Type "help" to explore all available commands.
> help
BEHOLD! The sac...
2026-07-24 12:40:52,402 | INPUT | INFO | Sent keys 'help' to Console Input (nth: 0)
2026-07-24 12:40:52,412 | INPUT | INFO | Verified Console Input has value: 'help' (nth: 0)
2026-07-24 12:40:52,533 | Space Page | INFO | Команда 'help' отправлена
2026-07-24 12:40:52,608 | Space Page | INFO | Получен ответ от консоли: Welcome to the system console!
Type "help" to explore all available commands.
> help
BEHOLD! The sac...
2026-07-24 12:40:53,053 | INPUT | INFO | Sent keys 'whoami' to Console Input (nth: 0)
2026-07-24 12:40:53,064 | INPUT | INFO | Verified Console Input has value: 'whoami' (nth: 0)
2026-07-24 12:40:53,181 | Space Page | INFO | Команда 'whoami' отправлена
2026-07-24 12:40:53,333 | Space Page | INFO | Получен ответ от консоли: Welcome to the system console!
Type "help" to explore all available commands.
> help
BEHOLD! The sac...
2026-07-24 12:40:53,833 | INPUT | INFO | Sent keys 'date' to Console Input (nth: 0)
2026-07-24 12:40:53,842 | INPUT | INFO | Verified Console Input has value: 'date' (nth: 0)
2026-07-24 12:40:53,961 | Space Page | INFO | Команда 'date' отправлена
2026-07-24 12:40:54,087 | Space Page | INFO | Получен ответ от консоли: Welcome to the system console!
Type "help" to explore all available commands.
> help
BEHOLD! The sac...
2026-07-24 12:40:54,524 | INPUT | INFO | Sent keys 'neofetch' to Console Input (nth: 0)
2026-07-24 12:40:54,535 | INPUT | INFO | Verified Console Input has value: 'neofetch' (nth: 0)
2026-07-24 12:40:54,685 | Space Page | INFO | Команда 'neofetch' отправлена
2026-07-24 12:40:55,009 | Space Page | INFO | Получен ответ от консоли: Welcome to the system console!
Type "help" to explore all available commands.
> help
BEHOLD! The sac...
